exit
exit
exit
exit
exit
exit
exit
exit
exit
exit
exit
exit
exit
exit
exit
exit
exit
exit
exit
exit
exit
exit
exit
exit
exit
exit
exit
exit
exit
exit
exit
exit
exit
exit
exit
exit
exit
exit
exit
exit
exit
exit
exit
exit
exit
exit
exit
exit
exit
exit
exit
exit
exit
exit
exit
exit
exit
exit
exit
exit
exit
exit
exit
exit
exit
exit
exit
exit
exit
exit
exit
exit
exit
exit
exit
exit
exit
exit
exit
exit
pok_security execution
theorem one_security_level_by_memory is: TRUE
theorem bell_lapadula is: TRUE
theorem biba is: TRUE
theorem mils_1 is: TRUE
theorem mils_2 is: TRUE
